{
  "RSpec": {
    "coverage": {
      "/Users/elifuchsman/Turing/Mod_1_directory/projects/night_writer/spec/encryption_library_spec.rb": {
        "lines": [
          1,
          1,
          1,
          null,
          1,
          1,
          1,
          null,
          1,
          null,
          null,
          1,
          1,
          null,
          1,
          null,
          null,
          null,
          null,
          null,
          null,
          null,
          null,
          null,
          null,
          null,
          null,
          null,
          null,
          null,
          null,
          null,
          null,
          null,
          null,
          null,
          null,
          null,
          null,
          null,
          null,
          null,
          null,
          null,
          null,
          null,
          null,
          1,
          1,
          null,
          1,
          null,
          null,
          null,
          null,
          null,
          null,
          null,
          null,
          null,
          null,
          null,
          null,
          null,
          null,
          null,
          null,
          null,
          null,
          null,
          null,
          null,
          null,
          null,
          null,
          null,
          null,
          null,
          null,
          null,
          null,
          null,
          null,
          1,
          1,
          null,
          1,
          null,
          null,
          null,
          null,
          1,
          1,
          null,
          1,
          null,
          null,
          1,
          1,
          null,
          1,
          null,
          null,
          1,
          1,
          null,
          1,
          null,
          null,
          null,
          1,
          1,
          null,
          1,
          1,
          null,
          null,
          1,
          1,
          1,
          1,
          1,
          1,
          null,
          null,
          null
        ]
      },
      "/Users/elifuchsman/Turing/Mod_1_directory/projects/night_writer/lib/encryption_library.rb": {
        "lines": [
          1,
          null,
          1,
          null,
          1,
          null,
          1,
          4,
          null,
          null,
          1,
          4,
          4,
          4,
          5,
          null,
          4,
          null,
          null,
          1,
          5,
          5,
          5,
          52,
          1,
          null,
          51,
          null,
          null,
          4,
          4,
          12,
          null,
          4,
          null,
          null,
          1,
          6,
          6,
          6,
          6,
          7,
          null,
          6,
          null,
          null,
          1,
          7,
          7,
          7,
          7,
          7,
          64,
          3,
          null,
          61,
          null,
          null,
          4,
          null,
          null
        ]
      },
      "/Users/elifuchsman/Turing/Mod_1_directory/projects/night_writer/lib/alphabetable.rb": {
        "lines": [
          1,
          null,
          1,
          null,
          null,
          1,
          null,
          null,
          9,
          null,
          null,
          null,
          null,
          null,
          null,
          null,
          null,
          null,
          null,
          null,
          null,
          null,
          null,
          null,
          null,
          null,
          null,
          null,
          null,
          null,
          null,
          null,
          null,
          null,
          null,
          null,
          null,
          9,
          null,
          null
        ]
      }
    },
    "timestamp": 1664302267
  }
}
