{
  "RSpec": {
    "coverage": {
      "/Users/elifuchsman/Turing/Mod_1_directory/projects/night_writer/spec/encryption_library_spec.rb": {
        "lines": [
          1,
          1,
          1,
          null,
          1,
          1,
          1,
          null,
          1,
          null,
          null,
          1,
          1,
          null,
          1,
          null,
          null,
          null,
          null,
          null,
          null,
          null,
          null,
          null,
          null,
          null,
          null,
          null,
          null,
          null,
          null,
          null,
          null,
          null,
          null,
          null,
          null,
          null,
          null,
          null,
          null,
          null,
          null,
          null,
          null,
          null,
          null,
          1,
          1,
          null,
          1,
          null,
          null,
          null,
          null,
          null,
          null,
          null,
          null,
          null,
          null,
          null,
          null,
          null,
          null,
          null,
          null,
          null,
          null,
          null,
          null,
          null,
          null,
          null,
          null,
          null,
          null,
          null,
          null,
          null,
          null,
          null,
          null,
          1,
          1,
          null,
          1,
          null,
          null,
          null,
          null,
          1,
          1,
          null,
          1,
          null,
          null,
          1,
          1,
          null,
          1,
          1,
          null,
          null,
          1,
          1,
          null,
          1,
          null,
          null,
          1,
          1,
          null,
          1,
          null,
          null
        ]
      },
      "/Users/elifuchsman/Turing/Mod_1_directory/projects/night_writer/lib/encryption_library.rb": {
        "lines": [
          1,
          null,
          1,
          1,
          1,
          null,
          null,
          null,
          1,
          4,
          null,
          null,
          1,
          3,
          3,
          3,
          4,
          null,
          3,
          null,
          null,
          1,
          4,
          4,
          4,
          51,
          null,
          4,
          4,
          12,
          null,
          4,
          null,
          null,
          1,
          3,
          3,
          3,
          3,
          4,
          null,
          3,
          null,
          null,
          1,
          4,
          4,
          4,
          null,
          4,
          4,
          59,
          null,
          4,
          null,
          null
        ]
      },
      "/Users/elifuchsman/Turing/Mod_1_directory/projects/night_writer/lib/alphabetable.rb": {
        "lines": [
          1,
          null,
          1,
          null,
          null,
          8,
          null,
          null,
          null,
          null,
          null,
          null,
          null,
          null,
          null,
          null,
          null,
          null,
          null,
          null,
          null,
          null,
          null,
          null,
          null,
          null,
          null,
          null,
          null,
          null,
          null,
          null,
          null,
          null,
          8,
          null,
          null
        ]
      }
    },
    "timestamp": 1664162895
  }
}
